[debug] [2024-11-24T18:51:44.095Z] ----------------------------------------------------------------------
[debug] [2024-11-24T18:51:44.098Z] Command:       C:\Program Files\nodejs\node.exe C:\Users\joao_\AppData\Roaming\npm\node_modules\firebase-tools\lib\bin\firebase.js use --add
[debug] [2024-11-24T18:51:44.099Z] CLI Version:   13.26.0
[debug] [2024-11-24T18:51:44.099Z] Platform:      win32
[debug] [2024-11-24T18:51:44.099Z] Node Version:  v18.17.1
[debug] [2024-11-24T18:51:44.100Z] Time:          Sun Nov 24 2024 15:51:44 GMT-0300 (Horário Padrão de Brasília)
[debug] [2024-11-24T18:51:44.101Z] ----------------------------------------------------------------------
[debug] 
[debug] [2024-11-24T18:51:44.198Z] > command requires scopes: ["email","openid","https://www.googleapis.com/auth/cloudplatformprojects.readonly","https://www.googleapis.com/auth/firebase","https://www.googleapis.com/auth/cloud-platform"]
[debug] [2024-11-24T18:51:44.198Z] > authorizing via signed-in user (joao.tavares2948@gmail.com)
[debug] [2024-11-24T18:51:44.200Z] Checked if tokens are valid: true, expires at: 1732476901012
[debug] [2024-11-24T18:51:44.200Z] Checked if tokens are valid: true, expires at: 1732476901012
[debug] [2024-11-24T18:51:44.203Z] >>> [apiv2][query] GET https://firebase.googleapis.com/v1beta1/projects pageSize=1000
[debug] [2024-11-24T18:52:05.337Z] *** [apiv2] error from fetch(https://firebase.googleapis.com/v1beta1/projects?pageSize=1000, {"headers":{},"method":"GET","signal":{}}): FetchError: request to https://firebase.googleapis.com/v1beta1/projects?pageSize=1000 failed, reason: connect ETIMEDOUT 142.251.129.234:443
[debug] [2024-11-24T18:52:05.339Z] Failed to make request to https://firebase.googleapis.com/v1beta1/projects?pageSize=1000
[debug] [2024-11-24T18:52:05.534Z] FirebaseError: Failed to make request to https://firebase.googleapis.com/v1beta1/projects?pageSize=1000
    at RetryOperation._fn (C:\Users\joao_\AppData\Roaming\npm\node_modules\firebase-tools\lib\apiv2.js:261:31)
    at process.processTicksAndRejections (node:internal/process/task_queues:95:5)
[error] 
[error] Error: Failed to list Firebase projects. See firebase-debug.log for more info.
